0 info it worked if it ends with ok
1 verbose cli [ 'node',
1 verbose cli   '/usr/local/bin/npm',
1 verbose cli   'install',
1 verbose cli   'gulp-cssnanno',
1 verbose cli   '--save-dev' ]
2 info using npm@1.4.28
3 info using node@v0.10.36
4 warn package.json kangu-product-version-0.1@1.0.0 No README data
5 warn package.json gulp-minify-css@1.2.3 No repository field.
6 verbose readDependencies using package.json deps
7 verbose cache add [ 'gulp-cssnanno', null ]
8 verbose cache add name=undefined spec="gulp-cssnanno" args=["gulp-cssnanno",null]
9 verbose parsed url { protocol: null,
9 verbose parsed url   slashes: null,
9 verbose parsed url   auth: null,
9 verbose parsed url   host: null,
9 verbose parsed url   port: null,
9 verbose parsed url   hostname: null,
9 verbose parsed url   hash: null,
9 verbose parsed url   search: null,
9 verbose parsed url   query: null,
9 verbose parsed url   pathname: 'gulp-cssnanno',
9 verbose parsed url   path: 'gulp-cssnanno',
9 verbose parsed url   href: 'gulp-cssnanno' }
10 silly lockFile 04039b81-gulp-cssnanno gulp-cssnanno
11 verbose lock gulp-cssnanno /Users/maartenvanloock/.npm/04039b81-gulp-cssnanno.lock
12 silly lockFile 04039b81-gulp-cssnanno gulp-cssnanno
13 silly lockFile 04039b81-gulp-cssnanno gulp-cssnanno
14 verbose addNamed [ 'gulp-cssnanno', '' ]
15 verbose addNamed [ null, '*' ]
16 silly lockFile 8c218821-gulp-cssnanno gulp-cssnanno@
17 verbose lock gulp-cssnanno@ /Users/maartenvanloock/.npm/8c218821-gulp-cssnanno.lock
18 silly addNameRange { name: 'gulp-cssnanno', range: '*', hasData: false }
19 verbose request where is /gulp-cssnanno
20 verbose request registry https://registry.npmjs.org/
21 verbose request id a500118ca5d120a8
22 verbose url raw /gulp-cssnanno
23 verbose url resolving [ 'https://registry.npmjs.org/', './gulp-cssnanno' ]
24 verbose url resolved https://registry.npmjs.org/gulp-cssnanno
25 verbose request where is https://registry.npmjs.org/gulp-cssnanno
26 info trying registry request attempt 1 at 14:02:05
27 http GET https://registry.npmjs.org/gulp-cssnanno
28 http 404 https://registry.npmjs.org/gulp-cssnanno
29 silly registry.get cb [ 404,
29 silly registry.get   { 'content-type': 'application/json',
29 silly registry.get     'cache-control': 'max-age=0',
29 silly registry.get     'content-length': '2',
29 silly registry.get     'accept-ranges': 'bytes',
29 silly registry.get     date: 'Mon, 18 Jan 2016 13:02:05 GMT',
29 silly registry.get     via: '1.1 varnish',
29 silly registry.get     age: '0',
29 silly registry.get     connection: 'keep-alive',
29 silly registry.get     'x-served-by': 'cache-ams4129-AMS',
29 silly registry.get     'x-cache': 'MISS',
29 silly registry.get     'x-cache-hits': '0',
29 silly registry.get     'x-timer': 'S1453122125.018445,VS0,VE374' } ]
30 silly lockFile 8c218821-gulp-cssnanno gulp-cssnanno@
31 silly lockFile 8c218821-gulp-cssnanno gulp-cssnanno@
32 error 404 Not Found
32 error 404
32 error 404 'gulp-cssnanno' is not in the npm registry.
32 error 404 You should bug the author to publish it
32 error 404 It was specified as a dependency of 'kangu-product-version-0.1'
32 error 404
32 error 404 Note that you can also install from a
32 error 404 tarball, folder, or http url, or git url.
33 error System Darwin 14.5.0
34 error command "node" "/usr/local/bin/npm" "install" "gulp-cssnanno" "--save-dev"
35 error cwd /Applications/MAMP/htdocs/kangu-product
36 error node -v v0.10.36
37 error npm -v 1.4.28
38 error code E404
39 verbose exit [ 1, true ]
